<?xml version="1.0" encoding="UTF-8"?>
<testng-results skipped="0" failed="0" ignored="0" total="1" passed="1">
  <reporter-output>
    <line>
      <![CDATA[https://www.google.com/]]>
    </line>
    <line>
      <![CDATA[Google]]>
    </line>
  </reporter-output>
  <suite name="Suite" duration-ms="14080" started-at="2019-08-27T08:32:14Z" finished-at="2019-08-27T08:32:28Z">
    <groups>
    </groups>
    <test name="Test" duration-ms="14080" started-at="2019-08-27T08:32:14Z" finished-at="2019-08-27T08:32:28Z">
      <class name="maven.MavenTest">
        <test-method status="PASS" signature="f()[pri:0, instance:maven.MavenTest@21bcffb5]" name="f" duration-ms="14035" started-at="2019-08-27T08:32:14Z" finished-at="2019-08-27T08:32:28Z">
          <reporter-output>
            <line>
              <![CDATA[https://www.google.com/]]>
            </line>
            <line>
              <![CDATA[Google]]>
            </line>
          </reporter-output>
        </test-method> <!-- f -->
      </class> <!-- maven.MavenTest -->
    </test> <!-- Test -->
  </suite> <!-- Suite -->
</testng-results>
