<?xml version="1.0" encoding="UTF-8"?>
<testng-results skipped="0" failed="0" total="1" passed="1">
  <reporter-output>
    <line>
      <![CDATA[https://www.google.com/]]>
    </line>
    <line>
      <![CDATA[Google]]>
    </line>
  </reporter-output>
  <suite name="Default suite" duration-ms="14132" started-at="2019-08-27T11:35:02Z" finished-at="2019-08-27T11:35:16Z">
    <groups>
    </groups>
    <test name="Default test" duration-ms="14132" started-at="2019-08-27T11:35:02Z" finished-at="2019-08-27T11:35:16Z">
      <class name="maven.MavenTest">
        <test-method status="PASS" signature="f()[pri:0, instance:maven.MavenTest@7c16905e]" name="f" duration-ms="14096" started-at="2019-08-27T17:05:02Z" finished-at="2019-08-27T17:05:16Z">
          <reporter-output>
            <line>
              <![CDATA[https://www.google.com/]]>
            </line>
            <line>
              <![CDATA[Google]]>
            </line>
          </reporter-output>
        </test-method> <!-- f -->
      </class> <!-- maven.MavenTest -->
    </test> <!-- Default test -->
  </suite> <!-- Default suite -->
</testng-results>
