<?xml version="1.0" encoding="UTF-8"?>
<testng-results skipped="0" failed="0" total="1" passed="1">
  <reporter-output>
  </reporter-output>
  <suite name="Default suite" duration-ms="30797" started-at="2019-08-27T07:51:00Z" finished-at="2019-08-27T07:51:31Z">
    <groups>
    </groups>
    <test name="Default test" duration-ms="30797" started-at="2019-08-27T07:51:00Z" finished-at="2019-08-27T07:51:31Z">
      <class name="maven.MavenTest">
        <test-method status="PASS" signature="f()[pri:0, instance:maven.MavenTest@7c16905e]" name="f" duration-ms="30746" started-at="2019-08-27T13:21:00Z" finished-at="2019-08-27T13:21:31Z">
          <reporter-output>
          </reporter-output>
        </test-method> <!-- f -->
      </class> <!-- maven.MavenTest -->
    </test> <!-- Default test -->
  </suite> <!-- Default suite -->
</testng-results>
